<?xml version="1.0" encoding="UTF-8"?>
<!-- Generated by org.testng.reporters.JUnitReportReporter -->
<testsuite skipped="0" hostname="DESKTOP-JF602DO" name="Sprint1.api_test" tests="1" failures="0" timestamp="26 May 2020 19:40:16 GMT" time="2.815" errors="0">
  <testcase name="tc02_POST" time="2.815" classname="Sprint1.api_test"/>
</testsuite> <!-- Sprint1.api_test -->
