<?xml version="1.0" encoding="UTF-8"?>
<!-- Generated by org.testng.reporters.JUnitReportReporter -->
<testsuite skipped="0" hostname="DESKTOP-JF602DO" name="Sprint1.API_2" tests="1" failures="0" timestamp="24 May 2020 12:08:02 GMT" time="3.739" errors="0">
  <testcase name="TC02" time="3.739" classname="Sprint1.API_2"/>
</testsuite> <!-- Sprint1.API_2 -->
